<?xml version="1.0" encoding="UTF-8"?>
<beans xmlns="http://www.springframework.org/schema/beans"
       xmlns:xsi="http://www.w3.org/2001/XMLSchema-instance"
       xmlns:p="http://www.springframework.org/schema/p"
       xmlns:context="http://www.springframework.org/schema/context"
       xmlns:tx="http://www.springframework.org/schema/tx"
       xsi:schemaLocation="
            http://www.springframework.org/schema/beans http://www.springframework.org/schema/beans/spring-beans-2.5.xsd
            http://www.springframework.org/schema/context http://www.springframework.org/schema/context/spring-context-2.5.xsd
            http://www.springframework.org/schema/tx http://www.springframework.org/schema/tx/spring-tx-2.5.xsd">

   	<context:property-placeholder location="classpath:/jdbc.properties" />

    <!-- bean post-processor for JPA annotations -->
    <context:annotation-config/>

    <tx:annotation-driven />

    <bean id="bookingDao" class="com.markit.bookings.dao.impl.JpaBookingDao" />
    <bean id="roomDao" class="com.markit.bookings.dao.impl.JpaRoomDao" />
    <bean id="bookingManager" class="com.markit.bookings.bo.impl.JpaBookingManager" >
    	<property name="roomDao" ref="roomDao"/>
    	<property name="bookingDao" ref="bookingDao"/>
    </bean>
    
    <bean id="dataSource" class="org.springframework.jdbc.datasource.DriverManagerDataSource"
		p:driverClassName="${jdbc.driverClassName}" p:url="${jdbc.url}" p:username="${jdbc.username}" p:password="${jdbc.password}" />

	<bean id="entityManagerFactory" class="org.springframework.orm.jpa.LocalContainerEntityManagerFactoryBean"
		p:dataSource-ref="dataSource" p:jpaVendorAdapter-ref="jpaAdapter">
		<property name="loadTimeWeaver">
			<bean class="org.springframework.instrument.classloading.InstrumentationLoadTimeWeaver" />
		</property>
	</bean>

	<bean id="transactionManager" class="org.springframework.orm.jpa.JpaTransactionManager"
		p:entityManagerFactory-ref="entityManagerFactory" />

    <bean id="jpaAdapter" class="org.springframework.orm.jpa.vendor.HibernateJpaVendorAdapter"
		p:database="${jpa.database}" p:showSql="${jpa.showSql}"/>

</beans>